<?xml version="1.0" encoding="UTF-8"?>
<!-- Generated by org.testng.reporters.JUnitXMLReporter -->
<testsuite ignored="2" hostname="DESKTOP-IT8112N" failures="0" tests="2" name="Default test" time="27.256" errors="0" timestamp="2022-05-17T16:53:39 IST">
  <testcase classname="testcase.TC002_PersonalDetails" name="Myinfoclick" time="20.211"/>
  <testcase classname="testcase.TC002_PersonalDetails" name="Invalidpersonalinfo" time="6.2"/>
  <testcase classname="testcase.TC002_PersonalDetails" name="Validpersonalinfo" time="0.0">
    <ignored/>
  </testcase> <!-- Validpersonalinfo -->
  <testcase classname="testcase.TC002_PersonalDetails" name="attach" time="0.0">
    <ignored/>
  </testcase> <!-- attach -->
</testsuite> <!-- Default test -->
