<?xml version="1.0" encoding="UTF-8"?>
<!-- Generated by org.testng.reporters.JUnitXMLReporter -->
<testsuite ignored="0" hostname="DESKTOP-IT8112N" failures="0" tests="3" name="Default test" time="37.349" errors="0" timestamp="2022-05-20T00:32:56 IST">
  <testcase classname="testcase.TC012_Covid19" name="Myinfoclick" time="18.194"/>
  <testcase classname="testcase.TC012_Covid19" name="covidinfo" time="14.723"/>
  <testcase classname="testcase.TC012_Covid19" name="editattach" time="4.372"/>
</testsuite> <!-- Default test -->
