<?xml version="1.0" encoding="UTF-8"?>
<testng-results ignored="2" total="4" passed="2" failed="0" skipped="0">
  <reporter-output>
  </reporter-output>
  <suite started-at="2022-05-17T16:53:12 IST" name="Default suite" finished-at="2022-05-17T16:53:39 IST" duration-ms="27256">
    <groups>
    </groups>
    <test started-at="2022-05-17T16:53:12 IST" name="Default test" finished-at="2022-05-17T16:53:39 IST" duration-ms="27256">
      <class name="testcase.TC002_PersonalDetails">
        <test-method is-config="true" signature="initialize()[pri:0, instance:testcase.TC002_PersonalDetails@3ce1e309]" started-at="2022-05-17T16:52:52 IST" name="initialize" finished-at="2022-05-17T16:53:12 IST" duration-ms="19949" status="PASS">
          <reporter-output>
          </reporter-output>
        </test-method> <!-- initialize -->
        <test-method signature="Myinfoclick()[pri:0, instance:testcase.TC002_PersonalDetails@3ce1e309]" started-at="2022-05-17T16:53:12 IST" name="Myinfoclick" finished-at="2022-05-17T16:53:32 IST" duration-ms="20211" status="PASS">
          <reporter-output>
          </reporter-output>
        </test-method> <!-- Myinfoclick -->
        <test-method signature="Invalidpersonalinfo(java.lang.String,java.lang.String,java.lang.String,java.lang.String,java.lang.String)[pri:1, instance:testcase.TC002_PersonalDetails@3ce1e309]" started-at="2022-05-17T16:53:33 IST" name="Invalidpersonalinfo" data-provider="invaliddata" finished-at="2022-05-17T16:53:39 IST" duration-ms="6200" status="PASS">
          <params>
            <param index="0">
              <value>
                <![CDATA[45789]]>
              </value>
            </param>
            <param index="1">
              <value>
                <![CDATA[12538]]>
              </value>
            </param>
            <param index="2">
              <value>
                <![CDATA[Lion]]>
              </value>
            </param>
            <param index="3">
              <value>
                <![CDATA[Tiger]]>
              </value>
            </param>
            <param index="4">
              <value>
                <![CDATA[;Kh]]>
              </value>
            </param>
          </params>
          <reporter-output>
          </reporter-output>
        </test-method> <!-- Invalidpersonalinfo -->
        <test-method is-config="true" signature="CloseBrowser()[pri:0, instance:testcase.TC002_PersonalDetails@3ce1e309]" started-at="2022-05-17T16:53:39 IST" name="CloseBrowser" finished-at="2022-05-17T16:53:39 IST" duration-ms="163" status="PASS">
          <reporter-output>
          </reporter-output>
        </test-method> <!-- CloseBrowser -->
      </class> <!-- testcase.TC002_PersonalDetails -->
    </test> <!-- Default test -->
  </suite> <!-- Default suite -->
</testng-results>
