<?xml version="1.0" encoding="UTF-8"?>
<testng-results ignored="0" total="1" passed="1" failed="0" skipped="0">
  <reporter-output>
  </reporter-output>
  <suite started-at="2022-05-18T17:31:26 IST" name="Default suite" finished-at="2022-05-18T17:31:57 IST" duration-ms="31541">
    <groups>
    </groups>
    <test started-at="2022-05-18T17:31:26 IST" name="Default test" finished-at="2022-05-18T17:31:57 IST" duration-ms="31541">
      <class name="testcase.TC001_ProfilePicture">
        <test-method is-config="true" signature="initialize()[pri:0, instance:testcase.TC001_ProfilePicture@123ef382]" started-at="2022-05-18T17:31:11 IST" name="initialize" finished-at="2022-05-18T17:31:26 IST" duration-ms="14752" status="PASS">
          <reporter-output>
          </reporter-output>
        </test-method> <!-- initialize -->
        <test-method signature="profilepicture()[pri:0, instance:testcase.TC001_ProfilePicture@123ef382]" started-at="2022-05-18T17:31:26 IST" name="profilepicture" finished-at="2022-05-18T17:31:57 IST" duration-ms="31497" status="PASS">
          <reporter-output>
          </reporter-output>
        </test-method> <!-- profilepicture -->
        <test-method is-config="true" signature="CloseBrowser()[pri:0, instance:testcase.TC001_ProfilePicture@123ef382]" started-at="2022-05-18T17:31:57 IST" name="CloseBrowser" finished-at="2022-05-18T17:31:57 IST" duration-ms="84" status="PASS">
          <reporter-output>
          </reporter-output>
        </test-method> <!-- CloseBrowser -->
      </class> <!-- testcase.TC001_ProfilePicture -->
    </test> <!-- Default test -->
  </suite> <!-- Default suite -->
</testng-results>
